Classic Timing Analyzer report for ALU
Mon Nov 14 02:19:06 2022
Quartus II Version 9.1 Build 350 03/24/2010 Service Pack 2 SJ Web Edition


---------------------
; Table of Contents ;
---------------------
  1. Legal Notice
  2. Timing Analyzer Summary
  3. Timing Analyzer Settings
  4. Parallel Compilation
  5. tpd
  6. Timing Analyzer Messages



----------------
; Legal Notice ;
----------------
Copyright (C) 1991-2010 Altera Corporation
Your use of Altera Corporation's design tools, logic functions 
and other software and tools, and its AMPP partner logic 
functions, and any output files from any of the foregoing 
(including device programming or simulation files), and any 
associated documentation or information are expressly subject 
to the terms and conditions of the Altera Program License 
Subscription Agreement, Altera MegaCore Function License 
Agreement, or other applicable license agreement, including, 
without limitation, that your use is for the sole purpose of 
programming logic devices manufactured by Altera and sold by 
Altera or its authorized distributors.  Please refer to the 
applicable agreement for further details.



+---------------------------------------------------------------------------------------------------------------------------------+
; Timing Analyzer Summary                                                                                                         ;
+------------------------------+-------+---------------+-------------+--------+------------+------------+----------+--------------+
; Type                         ; Slack ; Required Time ; Actual Time ; From   ; To         ; From Clock ; To Clock ; Failed Paths ;
+------------------------------+-------+---------------+-------------+--------+------------+------------+----------+--------------+
; Worst-case tpd               ; N/A   ; None          ; 25.983 ns   ; OP_SEL ; RESULT[31] ; --         ; --       ; 0            ;
; Total number of failed paths ;       ;               ;             ;        ;            ;            ;          ; 0            ;
+------------------------------+-------+---------------+-------------+--------+------------+------------+----------+--------------+


+-----------------------------------------------------------------------------------------------------------------------------------------------------+
; Timing Analyzer Settings                                                                                                                            ;
+------------------------------------------------------------------------------------------------------+--------------------+------+----+-------------+
; Option                                                                                               ; Setting            ; From ; To ; Entity Name ;
+------------------------------------------------------------------------------------------------------+--------------------+------+----+-------------+
; Device Name                                                                                          ; EP2S15F484C3       ;      ;    ;             ;
; Timing Models                                                                                        ; Final              ;      ;    ;             ;
; Default hold multicycle                                                                              ; Same as Multicycle ;      ;    ;             ;
; Cut paths between unrelated clock domains                                                            ; On                 ;      ;    ;             ;
; Cut off read during write signal paths                                                               ; On                 ;      ;    ;             ;
; Cut off feedback from I/O pins                                                                       ; On                 ;      ;    ;             ;
; Report Combined Fast/Slow Timing                                                                     ; Off                ;      ;    ;             ;
; Ignore Clock Settings                                                                                ; Off                ;      ;    ;             ;
; Analyze latches as synchronous elements                                                              ; On                 ;      ;    ;             ;
; Enable Recovery/Removal analysis                                                                     ; Off                ;      ;    ;             ;
; Enable Clock Latency                                                                                 ; Off                ;      ;    ;             ;
; Use TimeQuest Timing Analyzer                                                                        ; Off                ;      ;    ;             ;
; Number of source nodes to report per destination node                                                ; 10                 ;      ;    ;             ;
; Number of destination nodes to report                                                                ; 10                 ;      ;    ;             ;
; Number of paths to report                                                                            ; 200                ;      ;    ;             ;
; Report Minimum Timing Checks                                                                         ; Off                ;      ;    ;             ;
; Use Fast Timing Models                                                                               ; Off                ;      ;    ;             ;
; Report IO Paths Separately                                                                           ; Off                ;      ;    ;             ;
; Perform Multicorner Analysis                                                                         ; On                 ;      ;    ;             ;
; Reports the worst-case path for each clock domain and analysis                                       ; Off                ;      ;    ;             ;
; Reports worst-case timing paths for each clock domain and analysis                                   ; Off                ;      ;    ;             ;
; Specifies the maximum number of worst-case timing paths to report for each clock domain and analysis ; 100                ;      ;    ;             ;
; Removes common clock path pessimism (CCPP) during slack computation                                  ; Off                ;      ;    ;             ;
; Output I/O Timing Endpoint                                                                           ; Near End           ;      ;    ;             ;
+------------------------------------------------------------------------------------------------------+--------------------+------+----+-------------+


Parallel compilation was disabled, but you have multiple processors available. Enable parallel compilation to reduce compilation time.
+-------------------------------------+
; Parallel Compilation                ;
+----------------------------+--------+
; Processors                 ; Number ;
+----------------------------+--------+
; Number detected on machine ; 12     ;
; Maximum allowed            ; 1      ;
+----------------------------+--------+


+--------------------------------------------------------------------------------------------------------------------------------------------+
; tpd                                                                                                                                        ;
+-----------------------------------------+-----------------------------------------------------+-----------------+-------------+------------+
; Slack                                   ; Required P2P Time                                   ; Actual P2P Time ; From        ; To         ;
+-----------------------------------------+-----------------------------------------------------+-----------------+-------------+------------+
; N/A                                     ; None                                                ; 25.983 ns       ; OP_SEL      ; RESULT[31] ;
; N/A                                     ; None                                                ; 25.735 ns       ; OP_SEL      ; RESULT[29] ;
; N/A                                     ; None                                                ; 25.706 ns       ; OPRND_2[1]  ; RESULT[31] ;
; N/A                                     ; None                                                ; 25.619 ns       ; OPRND_2[0]  ; RESULT[31] ;
; N/A                                     ; None                                                ; 25.496 ns       ; OPRND_1[0]  ; RESULT[31] ;
; N/A                                     ; None                                                ; 25.458 ns       ; OPRND_2[1]  ; RESULT[29] ;
; N/A                                     ; None                                                ; 25.371 ns       ; OPRND_2[0]  ; RESULT[29] ;
; N/A                                     ; None                                                ; 25.284 ns       ; OP_SEL      ; RESULT[30] ;
; N/A                                     ; None                                                ; 25.248 ns       ; OPRND_1[0]  ; RESULT[29] ;
; N/A                                     ; None                                                ; 25.039 ns       ; OPRND_2[5]  ; RESULT[31] ;
; N/A                                     ; None                                                ; 25.011 ns       ; OPRND_2[2]  ; RESULT[31] ;
; N/A                                     ; None                                                ; 25.007 ns       ; OPRND_2[1]  ; RESULT[30] ;
; N/A                                     ; None                                                ; 24.939 ns       ; OPRND_1[1]  ; RESULT[31] ;
; N/A                                     ; None                                                ; 24.920 ns       ; OPRND_2[0]  ; RESULT[30] ;
; N/A                                     ; None                                                ; 24.797 ns       ; OPRND_1[0]  ; RESULT[30] ;
; N/A                                     ; None                                                ; 24.791 ns       ; OPRND_2[5]  ; RESULT[29] ;
; N/A                                     ; None                                                ; 24.763 ns       ; OPRND_2[2]  ; RESULT[29] ;
; N/A                                     ; None                                                ; 24.717 ns       ; OPRND_1[3]  ; RESULT[31] ;
; N/A                                     ; None                                                ; 24.691 ns       ; OPRND_1[1]  ; RESULT[29] ;
; N/A                                     ; None                                                ; 24.599 ns       ; OPRND_2[3]  ; RESULT[31] ;
; N/A                                     ; None                                                ; 24.469 ns       ; OPRND_1[3]  ; RESULT[29] ;
; N/A                                     ; None                                                ; 24.351 ns       ; OPRND_2[3]  ; RESULT[29] ;
; N/A                                     ; None                                                ; 24.340 ns       ; OPRND_2[5]  ; RESULT[30] ;
; N/A                                     ; None                                                ; 24.312 ns       ; OPRND_2[2]  ; RESULT[30] ;
; N/A                                     ; None                                                ; 24.241 ns       ; OP_SEL      ; RESULT[28] ;
; N/A                                     ; None                                                ; 24.240 ns       ; OPRND_1[1]  ; RESULT[30] ;
; N/A                                     ; None                                                ; 24.191 ns       ; OP_SEL      ; RESULT[27] ;
; N/A                                     ; None                                                ; 24.172 ns       ; OPRND_2[4]  ; RESULT[31] ;
; N/A                                     ; None                                                ; 24.168 ns       ; OPRND_1[2]  ; RESULT[31] ;
; N/A                                     ; None                                                ; 24.018 ns       ; OPRND_1[3]  ; RESULT[30] ;
; N/A                                     ; None                                                ; 23.964 ns       ; OPRND_2[1]  ; RESULT[28] ;
; N/A                                     ; None                                                ; 23.924 ns       ; OPRND_2[4]  ; RESULT[29] ;
; N/A                                     ; None                                                ; 23.920 ns       ; OPRND_1[2]  ; RESULT[29] ;
; N/A                                     ; None                                                ; 23.914 ns       ; OPRND_2[1]  ; RESULT[27] ;
; N/A                                     ; None                                                ; 23.900 ns       ; OPRND_2[3]  ; RESULT[30] ;
; N/A                                     ; None                                                ; 23.891 ns       ; OPRND_1[6]  ; RESULT[31] ;
; N/A                                     ; None                                                ; 23.877 ns       ; OPRND_2[0]  ; RESULT[28] ;
; N/A                                     ; None                                                ; 23.827 ns       ; OPRND_2[0]  ; RESULT[27] ;
; N/A                                     ; None                                                ; 23.797 ns       ; OPRND_1[5]  ; RESULT[31] ;
; N/A                                     ; None                                                ; 23.754 ns       ; OPRND_1[0]  ; RESULT[28] ;
; N/A                                     ; None                                                ; 23.709 ns       ; OPRND_1[4]  ; RESULT[31] ;
; N/A                                     ; None                                                ; 23.704 ns       ; OPRND_1[0]  ; RESULT[27] ;
; N/A                                     ; None                                                ; 23.679 ns       ; OP_SEL      ; RESULT[26] ;
; N/A                                     ; None                                                ; 23.673 ns       ; OP_SEL      ; RESULT[25] ;
; N/A                                     ; None                                                ; 23.643 ns       ; OPRND_1[6]  ; RESULT[29] ;
; N/A                                     ; None                                                ; 23.564 ns       ; OP_SEL      ; RESULT[24] ;
; N/A                                     ; None                                                ; 23.549 ns       ; OPRND_1[5]  ; RESULT[29] ;
; N/A                                     ; None                                                ; 23.473 ns       ; OPRND_2[4]  ; RESULT[30] ;
; N/A                                     ; None                                                ; 23.469 ns       ; OPRND_1[2]  ; RESULT[30] ;
; N/A                                     ; None                                                ; 23.461 ns       ; OPRND_1[4]  ; RESULT[29] ;
; N/A                                     ; None                                                ; 23.402 ns       ; OPRND_2[1]  ; RESULT[26] ;
; N/A                                     ; None                                                ; 23.396 ns       ; OPRND_2[1]  ; RESULT[25] ;
; N/A                                     ; None                                                ; 23.315 ns       ; OPRND_2[0]  ; RESULT[26] ;
; N/A                                     ; None                                                ; 23.309 ns       ; OPRND_2[0]  ; RESULT[25] ;
; N/A                                     ; None                                                ; 23.297 ns       ; OPRND_2[5]  ; RESULT[28] ;
; N/A                                     ; None                                                ; 23.287 ns       ; OPRND_2[1]  ; RESULT[24] ;
; N/A                                     ; None                                                ; 23.269 ns       ; OPRND_2[2]  ; RESULT[28] ;
; N/A                                     ; None                                                ; 23.264 ns       ; OPRND_2[6]  ; RESULT[31] ;
; N/A                                     ; None                                                ; 23.247 ns       ; OPRND_2[5]  ; RESULT[27] ;
; N/A                                     ; None                                                ; 23.219 ns       ; OPRND_2[2]  ; RESULT[27] ;
; N/A                                     ; None                                                ; 23.200 ns       ; OPRND_2[0]  ; RESULT[24] ;
; N/A                                     ; None                                                ; 23.197 ns       ; OPRND_1[1]  ; RESULT[28] ;
; N/A                                     ; None                                                ; 23.192 ns       ; OPRND_1[6]  ; RESULT[30] ;
; N/A                                     ; None                                                ; 23.192 ns       ; OPRND_1[0]  ; RESULT[26] ;
; N/A                                     ; None                                                ; 23.186 ns       ; OPRND_1[0]  ; RESULT[25] ;
; N/A                                     ; None                                                ; 23.147 ns       ; OPRND_1[1]  ; RESULT[27] ;
; N/A                                     ; None                                                ; 23.098 ns       ; OPRND_1[5]  ; RESULT[30] ;
; N/A                                     ; None                                                ; 23.077 ns       ; OPRND_1[0]  ; RESULT[24] ;
; N/A                                     ; None                                                ; 23.016 ns       ; OPRND_2[6]  ; RESULT[29] ;
; N/A                                     ; None                                                ; 23.010 ns       ; OPRND_1[4]  ; RESULT[30] ;
; N/A                                     ; None                                                ; 22.975 ns       ; OPRND_1[3]  ; RESULT[28] ;
; N/A                                     ; None                                                ; 22.925 ns       ; OPRND_1[3]  ; RESULT[27] ;
; N/A                                     ; None                                                ; 22.857 ns       ; OPRND_2[3]  ; RESULT[28] ;
; N/A                                     ; None                                                ; 22.807 ns       ; OPRND_2[3]  ; RESULT[27] ;
; N/A                                     ; None                                                ; 22.793 ns       ; OPRND_2[7]  ; RESULT[31] ;
; N/A                                     ; None                                                ; 22.735 ns       ; OPRND_2[5]  ; RESULT[26] ;
; N/A                                     ; None                                                ; 22.729 ns       ; OPRND_2[5]  ; RESULT[25] ;
; N/A                                     ; None                                                ; 22.707 ns       ; OPRND_2[2]  ; RESULT[26] ;
; N/A                                     ; None                                                ; 22.701 ns       ; OPRND_2[2]  ; RESULT[25] ;
; N/A                                     ; None                                                ; 22.635 ns       ; OPRND_1[1]  ; RESULT[26] ;
; N/A                                     ; None                                                ; 22.629 ns       ; OPRND_1[1]  ; RESULT[25] ;
; N/A                                     ; None                                                ; 22.620 ns       ; OPRND_2[5]  ; RESULT[24] ;
; N/A                                     ; None                                                ; 22.592 ns       ; OPRND_2[2]  ; RESULT[24] ;
; N/A                                     ; None                                                ; 22.565 ns       ; OPRND_2[6]  ; RESULT[30] ;
; N/A                                     ; None                                                ; 22.545 ns       ; OPRND_2[7]  ; RESULT[29] ;
; N/A                                     ; None                                                ; 22.520 ns       ; OPRND_1[1]  ; RESULT[24] ;
; N/A                                     ; None                                                ; 22.430 ns       ; OPRND_2[4]  ; RESULT[28] ;
; N/A                                     ; None                                                ; 22.426 ns       ; OPRND_1[2]  ; RESULT[28] ;
; N/A                                     ; None                                                ; 22.413 ns       ; OPRND_1[3]  ; RESULT[26] ;
; N/A                                     ; None                                                ; 22.407 ns       ; OPRND_1[3]  ; RESULT[25] ;
; N/A                                     ; None                                                ; 22.380 ns       ; OPRND_2[4]  ; RESULT[27] ;
; N/A                                     ; None                                                ; 22.376 ns       ; OPRND_1[2]  ; RESULT[27] ;
; N/A                                     ; None                                                ; 22.345 ns       ; OPRND_1[7]  ; RESULT[31] ;
; N/A                                     ; None                                                ; 22.298 ns       ; OPRND_1[3]  ; RESULT[24] ;
; N/A                                     ; None                                                ; 22.295 ns       ; OPRND_2[3]  ; RESULT[26] ;
; N/A                                     ; None                                                ; 22.289 ns       ; OPRND_2[3]  ; RESULT[25] ;
; N/A                                     ; None                                                ; 22.180 ns       ; OPRND_2[3]  ; RESULT[24] ;
; N/A                                     ; None                                                ; 22.149 ns       ; OPRND_1[6]  ; RESULT[28] ;
; N/A                                     ; None                                                ; 22.136 ns       ; OPRND_1[8]  ; RESULT[31] ;
; N/A                                     ; None                                                ; 22.099 ns       ; OPRND_1[6]  ; RESULT[27] ;
; N/A                                     ; None                                                ; 22.097 ns       ; OPRND_1[7]  ; RESULT[29] ;
; N/A                                     ; None                                                ; 22.094 ns       ; OPRND_2[7]  ; RESULT[30] ;
; N/A                                     ; None                                                ; 22.055 ns       ; OPRND_1[5]  ; RESULT[28] ;
; N/A                                     ; None                                                ; 22.005 ns       ; OPRND_1[5]  ; RESULT[27] ;
; N/A                                     ; None                                                ; 21.967 ns       ; OPRND_1[4]  ; RESULT[28] ;
; N/A                                     ; None                                                ; 21.917 ns       ; OPRND_1[4]  ; RESULT[27] ;
; N/A                                     ; None                                                ; 21.888 ns       ; OPRND_1[8]  ; RESULT[29] ;
; N/A                                     ; None                                                ; 21.868 ns       ; OPRND_2[4]  ; RESULT[26] ;
; N/A                                     ; None                                                ; 21.866 ns       ; OPRND_2[8]  ; RESULT[31] ;
; N/A                                     ; None                                                ; 21.864 ns       ; OPRND_1[2]  ; RESULT[26] ;
; N/A                                     ; None                                                ; 21.862 ns       ; OPRND_2[4]  ; RESULT[25] ;
; N/A                                     ; None                                                ; 21.858 ns       ; OPRND_1[2]  ; RESULT[25] ;
; N/A                                     ; None                                                ; 21.753 ns       ; OPRND_2[4]  ; RESULT[24] ;
; N/A                                     ; None                                                ; 21.749 ns       ; OPRND_1[2]  ; RESULT[24] ;
; N/A                                     ; None                                                ; 21.674 ns       ; OPRND_2[10] ; RESULT[31] ;
; N/A                                     ; None                                                ; 21.646 ns       ; OPRND_1[7]  ; RESULT[30] ;
; N/A                                     ; None                                                ; 21.618 ns       ; OPRND_2[8]  ; RESULT[29] ;
; N/A                                     ; None                                                ; 21.587 ns       ; OPRND_1[6]  ; RESULT[26] ;
; N/A                                     ; None                                                ; 21.581 ns       ; OPRND_1[6]  ; RESULT[25] ;
; N/A                                     ; None                                                ; 21.579 ns       ; OPRND_1[9]  ; RESULT[31] ;
; N/A                                     ; None                                                ; 21.522 ns       ; OPRND_2[6]  ; RESULT[28] ;
; N/A                                     ; None                                                ; 21.493 ns       ; OPRND_1[5]  ; RESULT[26] ;
; N/A                                     ; None                                                ; 21.487 ns       ; OPRND_1[5]  ; RESULT[25] ;
; N/A                                     ; None                                                ; 21.472 ns       ; OPRND_2[6]  ; RESULT[27] ;
; N/A                                     ; None                                                ; 21.472 ns       ; OPRND_1[6]  ; RESULT[24] ;
; N/A                                     ; None                                                ; 21.437 ns       ; OPRND_1[8]  ; RESULT[30] ;
; N/A                                     ; None                                                ; 21.426 ns       ; OPRND_2[10] ; RESULT[29] ;
; N/A                                     ; None                                                ; 21.405 ns       ; OPRND_1[4]  ; RESULT[26] ;
; N/A                                     ; None                                                ; 21.399 ns       ; OPRND_1[4]  ; RESULT[25] ;
; N/A                                     ; None                                                ; 21.378 ns       ; OPRND_1[5]  ; RESULT[24] ;
; N/A                                     ; None                                                ; 21.340 ns       ; OPRND_2[9]  ; RESULT[31] ;
; N/A                                     ; None                                                ; 21.331 ns       ; OPRND_1[9]  ; RESULT[29] ;
; N/A                                     ; None                                                ; 21.290 ns       ; OPRND_1[4]  ; RESULT[24] ;
; N/A                                     ; None                                                ; 21.192 ns       ; OPRND_1[10] ; RESULT[31] ;
; N/A                                     ; None                                                ; 21.185 ns       ; OPRND_2[11] ; RESULT[31] ;
; N/A                                     ; None                                                ; 21.167 ns       ; OPRND_2[8]  ; RESULT[30] ;
; N/A                                     ; None                                                ; 21.092 ns       ; OPRND_2[9]  ; RESULT[29] ;
; N/A                                     ; None                                                ; 21.051 ns       ; OPRND_2[7]  ; RESULT[28] ;
; N/A                                     ; None                                                ; 21.034 ns       ; OP_SEL      ; RESULT[21] ;
; N/A                                     ; None                                                ; 21.001 ns       ; OPRND_2[7]  ; RESULT[27] ;
; N/A                                     ; None                                                ; 20.975 ns       ; OPRND_2[10] ; RESULT[30] ;
; N/A                                     ; None                                                ; 20.973 ns       ; OPRND_1[11] ; RESULT[31] ;
; N/A                                     ; None                                                ; 20.960 ns       ; OPRND_2[6]  ; RESULT[26] ;
; N/A                                     ; None                                                ; 20.954 ns       ; OPRND_2[6]  ; RESULT[25] ;
; N/A                                     ; None                                                ; 20.944 ns       ; OPRND_1[10] ; RESULT[29] ;
; N/A                                     ; None                                                ; 20.937 ns       ; OPRND_2[11] ; RESULT[29] ;
; N/A                                     ; None                                                ; 20.880 ns       ; OPRND_1[9]  ; RESULT[30] ;
; N/A                                     ; None                                                ; 20.845 ns       ; OPRND_2[6]  ; RESULT[24] ;
; N/A                                     ; None                                                ; 20.757 ns       ; OPRND_2[1]  ; RESULT[21] ;
; N/A                                     ; None                                                ; 20.725 ns       ; OPRND_1[11] ; RESULT[29] ;
; N/A                                     ; None                                                ; 20.723 ns       ; OP_SEL      ; RESULT[22] ;
; N/A                                     ; None                                                ; 20.710 ns       ; OP_SEL      ; RESULT[20] ;
; N/A                                     ; None                                                ; 20.678 ns       ; OPRND_2[12] ; RESULT[31] ;
; N/A                                     ; None                                                ; 20.670 ns       ; OPRND_2[0]  ; RESULT[21] ;
; N/A                                     ; None                                                ; 20.641 ns       ; OPRND_2[9]  ; RESULT[30] ;
; N/A                                     ; None                                                ; 20.620 ns       ; OP_SEL      ; RESULT[23] ;
; N/A                                     ; None                                                ; 20.603 ns       ; OPRND_1[7]  ; RESULT[28] ;
; N/A                                     ; None                                                ; 20.553 ns       ; OPRND_1[7]  ; RESULT[27] ;
; N/A                                     ; None                                                ; 20.547 ns       ; OPRND_1[0]  ; RESULT[21] ;
; N/A                                     ; None                                                ; 20.493 ns       ; OPRND_1[10] ; RESULT[30] ;
; N/A                                     ; None                                                ; 20.489 ns       ; OPRND_2[7]  ; RESULT[26] ;
; N/A                                     ; None                                                ; 20.486 ns       ; OPRND_2[11] ; RESULT[30] ;
; N/A                                     ; None                                                ; 20.483 ns       ; OPRND_2[7]  ; RESULT[25] ;
; N/A                                     ; None                                                ; 20.446 ns       ; OPRND_2[1]  ; RESULT[22] ;
; N/A                                     ; None                                                ; 20.433 ns       ; OPRND_2[1]  ; RESULT[20] ;
; N/A                                     ; None                                                ; 20.430 ns       ; OPRND_2[12] ; RESULT[29] ;
; N/A                                     ; None                                                ; 20.394 ns       ; OPRND_1[8]  ; RESULT[28] ;
; N/A                                     ; None                                                ; 20.374 ns       ; OPRND_2[7]  ; RESULT[24] ;
; N/A                                     ; None                                                ; 20.359 ns       ; OPRND_2[0]  ; RESULT[22] ;
; N/A                                     ; None                                                ; 20.346 ns       ; OPRND_2[0]  ; RESULT[20] ;
; N/A                                     ; None                                                ; 20.344 ns       ; OPRND_1[8]  ; RESULT[27] ;
; N/A                                     ; None                                                ; 20.343 ns       ; OPRND_2[1]  ; RESULT[23] ;
; N/A                                     ; None                                                ; 20.274 ns       ; OPRND_1[11] ; RESULT[30] ;
; N/A                                     ; None                                                ; 20.256 ns       ; OPRND_2[0]  ; RESULT[23] ;
; N/A                                     ; None                                                ; 20.236 ns       ; OPRND_1[0]  ; RESULT[22] ;
; N/A                                     ; None                                                ; 20.223 ns       ; OPRND_1[0]  ; RESULT[20] ;
; N/A                                     ; None                                                ; 20.133 ns       ; OPRND_1[0]  ; RESULT[23] ;
; N/A                                     ; None                                                ; 20.124 ns       ; OPRND_2[8]  ; RESULT[28] ;
; N/A                                     ; None                                                ; 20.090 ns       ; OPRND_2[5]  ; RESULT[21] ;
; N/A                                     ; None                                                ; 20.074 ns       ; OPRND_2[8]  ; RESULT[27] ;
; N/A                                     ; None                                                ; 20.062 ns       ; OPRND_2[2]  ; RESULT[21] ;
; N/A                                     ; None                                                ; 20.041 ns       ; OPRND_1[7]  ; RESULT[26] ;
; N/A                                     ; None                                                ; 20.035 ns       ; OPRND_1[7]  ; RESULT[25] ;
; N/A                                     ; None                                                ; 19.990 ns       ; OPRND_1[1]  ; RESULT[21] ;
; N/A                                     ; None                                                ; 19.979 ns       ; OPRND_2[12] ; RESULT[30] ;
; N/A                                     ; None                                                ; 19.932 ns       ; OPRND_2[10] ; RESULT[28] ;
; N/A                                     ; None                                                ; 19.929 ns       ; OPRND_1[12] ; RESULT[31] ;
; N/A                                     ; None                                                ; 19.926 ns       ; OPRND_1[7]  ; RESULT[24] ;
; N/A                                     ; None                                                ; 19.882 ns       ; OPRND_2[10] ; RESULT[27] ;
; N/A                                     ; None                                                ; 19.850 ns       ; OPRND_2[13] ; RESULT[31] ;
; N/A                                     ; None                                                ; 19.837 ns       ; OPRND_1[9]  ; RESULT[28] ;
; N/A                                     ; None                                                ; 19.832 ns       ; OPRND_1[8]  ; RESULT[26] ;
; N/A                                     ; None                                                ; 19.826 ns       ; OPRND_1[8]  ; RESULT[25] ;
; N/A                                     ; None                                                ; 19.787 ns       ; OPRND_1[9]  ; RESULT[27] ;
; N/A                                     ; None                                                ; 19.779 ns       ; OPRND_2[5]  ; RESULT[22] ;
; N/A                                     ; None                                                ; 19.768 ns       ; OPRND_1[3]  ; RESULT[21] ;
; N/A                                     ; None                                                ; 19.766 ns       ; OPRND_2[5]  ; RESULT[20] ;
; N/A                                     ; None                                                ; 19.751 ns       ; OPRND_2[2]  ; RESULT[22] ;
; N/A                                     ; None                                                ; 19.738 ns       ; OPRND_2[2]  ; RESULT[20] ;
; N/A                                     ; None                                                ; 19.717 ns       ; OPRND_1[8]  ; RESULT[24] ;
; Timing analysis restricted to 200 rows. ; To change the limit use Settings (Assignments menu) ;                 ;             ;            ;
+-----------------------------------------+-----------------------------------------------------+-----------------+-------------+------------+


+--------------------------+
; Timing Analyzer Messages ;
+--------------------------+
Info: *******************************************************************
Info: Running Quartus II Classic Timing Analyzer
    Info: Version 9.1 Build 350 03/24/2010 Service Pack 2 SJ Web Edition
    Info: Processing started: Mon Nov 14 02:19:06 2022
Info: Command: quartus_tan --read_settings_files=off --write_settings_files=off ALU -c ALU --timing_analysis_only
Info: Longest tpd from source pin "OP_SEL" to destination pin "RESULT[31]" is 25.983 ns
    Info: 1: + IC(0.000 ns) + CELL(0.847 ns) = 0.847 ns; Loc. = PIN_C6; Fanout = 58; PIN Node = 'OP_SEL'
    Info: 2: + IC(4.652 ns) + CELL(0.366 ns) = 5.865 ns; Loc. = LCCOMB_X35_Y10_N4; Fanout = 3; COMB Node = 'cla_32:ADDER|carry_in_internal[2]~0'
    Info: 3: + IC(0.273 ns) + CELL(0.357 ns) = 6.495 ns; Loc. = LCCOMB_X35_Y10_N14; Fanout = 3; COMB Node = 'cla_32:ADDER|carry_in_internal[4]~1'
    Info: 4: + IC(0.260 ns) + CELL(0.272 ns) = 7.027 ns; Loc. = LCCOMB_X35_Y10_N24; Fanout = 2; COMB Node = 'cla_32:ADDER|carry_in_internal[6]~2'
    Info: 5: + IC(0.252 ns) + CELL(0.346 ns) = 7.625 ns; Loc. = LCCOMB_X35_Y10_N30; Fanout = 2; COMB Node = 'cla_32:ADDER|carry_in_internal[7]~3'
    Info: 6: + IC(0.670 ns) + CELL(0.228 ns) = 8.523 ns; Loc. = LCCOMB_X35_Y13_N0; Fanout = 2; COMB Node = 'cla_32:ADDER|carry_in_internal[8]~4'
    Info: 7: + IC(0.249 ns) + CELL(0.228 ns) = 9.000 ns; Loc. = LCCOMB_X35_Y13_N6; Fanout = 2; COMB Node = 'cla_32:ADDER|carry_in_internal[9]~5'
    Info: 8: + IC(0.262 ns) + CELL(0.366 ns) = 9.628 ns; Loc. = LCCOMB_X35_Y13_N26; Fanout = 2; COMB Node = 'cla_32:ADDER|carry_in_internal[10]~6'
    Info: 9: + IC(0.202 ns) + CELL(0.053 ns) = 9.883 ns; Loc. = LCCOMB_X35_Y13_N30; Fanout = 2; COMB Node = 'cla_32:ADDER|carry_in_internal[11]~7'
    Info: 10: + IC(0.502 ns) + CELL(0.053 ns) = 10.438 ns; Loc. = LCCOMB_X35_Y13_N18; Fanout = 2; COMB Node = 'cla_32:ADDER|carry_in_internal[12]~8'
    Info: 11: + IC(0.239 ns) + CELL(0.228 ns) = 10.905 ns; Loc. = LCCOMB_X35_Y13_N22; Fanout = 2; COMB Node = 'cla_32:ADDER|carry_in_internal[13]~9'
    Info: 12: + IC(0.212 ns) + CELL(0.225 ns) = 11.342 ns; Loc. = LCCOMB_X35_Y13_N8; Fanout = 2; COMB Node = 'cla_32:ADDER|carry_in_internal[14]~10'
    Info: 13: + IC(0.538 ns) + CELL(0.228 ns) = 12.108 ns; Loc. = LCCOMB_X35_Y13_N14; Fanout = 2; COMB Node = 'cla_32:ADDER|carry_in_internal[15]~11'
    Info: 14: + IC(1.160 ns) + CELL(0.346 ns) = 13.614 ns; Loc. = LCCOMB_X33_Y21_N16; Fanout = 2; COMB Node = 'cla_32:ADDER|carry_in_internal[16]~12'
    Info: 15: + IC(0.272 ns) + CELL(0.366 ns) = 14.252 ns; Loc. = LCCOMB_X33_Y21_N6; Fanout = 2; COMB Node = 'cla_32:ADDER|carry_in_internal[17]~13'
    Info: 16: + IC(0.262 ns) + CELL(0.366 ns) = 14.880 ns; Loc. = LCCOMB_X33_Y21_N10; Fanout = 2; COMB Node = 'cla_32:ADDER|carry_in_internal[18]~14'
    Info: 17: + IC(0.252 ns) + CELL(0.346 ns) = 15.478 ns; Loc. = LCCOMB_X33_Y21_N28; Fanout = 2; COMB Node = 'cla_32:ADDER|carry_in_internal[19]~15'
    Info: 18: + IC(0.248 ns) + CELL(0.228 ns) = 15.954 ns; Loc. = LCCOMB_X33_Y21_N2; Fanout = 2; COMB Node = 'cla_32:ADDER|carry_in_internal[20]~16'
    Info: 19: + IC(0.264 ns) + CELL(0.228 ns) = 16.446 ns; Loc. = LCCOMB_X33_Y21_N20; Fanout = 2; COMB Node = 'cla_32:ADDER|carry_in_internal[21]~17'
    Info: 20: + IC(0.204 ns) + CELL(0.053 ns) = 16.703 ns; Loc. = LCCOMB_X33_Y21_N24; Fanout = 2; COMB Node = 'cla_32:ADDER|carry_in_internal[22]~18'
    Info: 21: + IC(0.218 ns) + CELL(0.225 ns) = 17.146 ns; Loc. = LCCOMB_X33_Y21_N12; Fanout = 2; COMB Node = 'cla_32:ADDER|carry_in_internal[23]~19'
    Info: 22: + IC(1.218 ns) + CELL(0.228 ns) = 18.592 ns; Loc. = LCCOMB_X22_Y24_N16; Fanout = 2; COMB Node = 'cla_32:ADDER|carry_in_internal[24]~20'
    Info: 23: + IC(0.242 ns) + CELL(0.228 ns) = 19.062 ns; Loc. = LCCOMB_X22_Y24_N20; Fanout = 2; COMB Node = 'cla_32:ADDER|carry_in_internal[25]~21'
    Info: 24: + IC(0.215 ns) + CELL(0.053 ns) = 19.330 ns; Loc. = LCCOMB_X22_Y24_N26; Fanout = 2; COMB Node = 'cla_32:ADDER|carry_in_internal[26]~22'
    Info: 25: + IC(0.215 ns) + CELL(0.053 ns) = 19.598 ns; Loc. = LCCOMB_X22_Y24_N30; Fanout = 2; COMB Node = 'cla_32:ADDER|carry_in_internal[27]~23'
    Info: 26: + IC(0.349 ns) + CELL(0.228 ns) = 20.175 ns; Loc. = LCCOMB_X22_Y24_N2; Fanout = 2; COMB Node = 'cla_32:ADDER|carry_in_internal[28]~24'
    Info: 27: + IC(0.219 ns) + CELL(0.225 ns) = 20.619 ns; Loc. = LCCOMB_X22_Y24_N4; Fanout = 2; COMB Node = 'cla_32:ADDER|carry_in_internal[29]~25'
    Info: 28: + IC(0.343 ns) + CELL(0.228 ns) = 21.190 ns; Loc. = LCCOMB_X22_Y24_N8; Fanout = 2; COMB Node = 'cla_32:ADDER|carry_in_internal[30]~26'
    Info: 29: + IC(0.265 ns) + CELL(0.378 ns) = 21.833 ns; Loc. = LCCOMB_X22_Y24_N12; Fanout = 1; COMB Node = 'cla_32:ADDER|RESULT[31]'
    Info: 30: + IC(2.162 ns) + CELL(1.988 ns) = 25.983 ns; Loc. = PIN_W10; Fanout = 0; PIN Node = 'RESULT[31]'
    Info: Total cell delay = 9.564 ns ( 36.81 % )
    Info: Total interconnect delay = 16.419 ns ( 63.19 % )
Info: Quartus II Classic Timing Analyzer was successful. 0 errors, 0 warnings
    Info: Peak virtual memory: 192 megabytes
    Info: Processing ended: Mon Nov 14 02:19:06 2022
    Info: Elapsed time: 00:00:00
    Info: Total CPU time (on all processors): 00:00:00


