Analysis & Synthesis report for reg_file
Sun Oct 30 19:41:31 2022
Quartus II Version 9.1 Build 350 03/24/2010 Service Pack 2 SJ Web Edition


---------------------
; Table of Contents ;
---------------------
  1. Legal Notice
  2. Analysis & Synthesis Summary
  3. Analysis & Synthesis Settings
  4. Parallel Compilation
  5. Analysis & Synthesis Source Files Read
  6. Analysis & Synthesis Resource Usage Summary
  7. Analysis & Synthesis Resource Utilization by Entity
  8. Analysis & Synthesis RAM Summary
  9. General Register Statistics
 10. Registers Packed Into Inferred Megafunctions
 11. Source assignments for altsyncram:mem_rtl_0|altsyncram_heq1:auto_generated
 12. Parameter Settings for Inferred Entity Instance: altsyncram:mem_rtl_0
 13. altsyncram Parameter Settings by Entity Instance
 14. Analysis & Synthesis Messages



----------------
; Legal Notice ;
----------------
Copyright (C) 1991-2010 Altera Corporation
Your use of Altera Corporation's design tools, logic functions 
and other software and tools, and its AMPP partner logic 
functions, and any output files from any of the foregoing 
(including device programming or simulation files), and any 
associated documentation or information are expressly subject 
to the terms and conditions of the Altera Program License 
Subscription Agreement, Altera MegaCore Function License 
Agreement, or other applicable license agreement, including, 
without limitation, that your use is for the sole purpose of 
programming logic devices manufactured by Altera and sold by 
Altera or its authorized distributors.  Please refer to the 
applicable agreement for further details.



+-----------------------------------------------------------------------------------+
; Analysis & Synthesis Summary                                                      ;
+------------------------------------+----------------------------------------------+
; Analysis & Synthesis Status        ; Successful - Sun Oct 30 19:41:31 2022        ;
; Quartus II Version                 ; 9.1 Build 350 03/24/2010 SP 2 SJ Web Edition ;
; Revision Name                      ; reg_file                                     ;
; Top-level Entity Name              ; reg_file                                     ;
; Family                             ; Cyclone III                                  ;
; Total logic elements               ; 1                                            ;
;     Total combinational functions  ; 1                                            ;
;     Dedicated logic registers      ; 0                                            ;
; Total registers                    ; 0                                            ;
; Total pins                         ; 113                                          ;
; Total virtual pins                 ; 0                                            ;
; Total memory bits                  ; 64                                           ;
; Embedded Multiplier 9-bit elements ; 0                                            ;
; Total PLLs                         ; 0                                            ;
+------------------------------------+----------------------------------------------+


+----------------------------------------------------------------------------------------------------------------------+
; Analysis & Synthesis Settings                                                                                        ;
+----------------------------------------------------------------------------+--------------------+--------------------+
; Option                                                                     ; Setting            ; Default Value      ;
+----------------------------------------------------------------------------+--------------------+--------------------+
; Device                                                                     ; EP3C120F780C7      ;                    ;
; Top-level entity name                                                      ; reg_file           ; reg_file           ;
; Family name                                                                ; Cyclone III        ; Stratix II         ;
; Use Generated Physical Constraints File                                    ; Off                ;                    ;
; Use smart compilation                                                      ; Off                ; Off                ;
; Enable parallel Assembler and TimeQuest Timing Analyzer during compilation ; On                 ; On                 ;
; Enable compact report table                                                ; Off                ; Off                ;
; Restructure Multiplexers                                                   ; Auto               ; Auto               ;
; Create Debugging Nodes for IP Cores                                        ; Off                ; Off                ;
; Preserve fewer node names                                                  ; On                 ; On                 ;
; Disable OpenCore Plus hardware evaluation                                  ; Off                ; Off                ;
; Verilog Version                                                            ; Verilog_2001       ; Verilog_2001       ;
; VHDL Version                                                               ; VHDL_1993          ; VHDL_1993          ;
; State Machine Processing                                                   ; Auto               ; Auto               ;
; Safe State Machine                                                         ; Off                ; Off                ;
; Extract Verilog State Machines                                             ; On                 ; On                 ;
; Extract VHDL State Machines                                                ; On                 ; On                 ;
; Ignore Verilog initial constructs                                          ; Off                ; Off                ;
; Iteration limit for constant Verilog loops                                 ; 5000               ; 5000               ;
; Iteration limit for non-constant Verilog loops                             ; 250                ; 250                ;
; Add Pass-Through Logic to Inferred RAMs                                    ; On                 ; On                 ;
; Parallel Synthesis                                                         ; On                 ; On                 ;
; DSP Block Balancing                                                        ; Auto               ; Auto               ;
; NOT Gate Push-Back                                                         ; On                 ; On                 ;
; Power-Up Don't Care                                                        ; On                 ; On                 ;
; Remove Redundant Logic Cells                                               ; Off                ; Off                ;
; Remove Duplicate Registers                                                 ; On                 ; On                 ;
; Ignore CARRY Buffers                                                       ; Off                ; Off                ;
; Ignore CASCADE Buffers                                                     ; Off                ; Off                ;
; Ignore GLOBAL Buffers                                                      ; Off                ; Off                ;
; Ignore ROW GLOBAL Buffers                                                  ; Off                ; Off                ;
; Ignore LCELL Buffers                                                       ; Off                ; Off                ;
; Ignore SOFT Buffers                                                        ; On                 ; On                 ;
; Limit AHDL Integers to 32 Bits                                             ; Off                ; Off                ;
; Optimization Technique                                                     ; Balanced           ; Balanced           ;
; Carry Chain Length                                                         ; 70                 ; 70                 ;
; Auto Carry Chains                                                          ; On                 ; On                 ;
; Auto Open-Drain Pins                                                       ; On                 ; On                 ;
; Perform WYSIWYG Primitive Resynthesis                                      ; Off                ; Off                ;
; Auto ROM Replacement                                                       ; On                 ; On                 ;
; Auto RAM Replacement                                                       ; On                 ; On                 ;
; Auto DSP Block Replacement                                                 ; On                 ; On                 ;
; Auto Shift Register Replacement                                            ; Auto               ; Auto               ;
; Auto Clock Enable Replacement                                              ; On                 ; On                 ;
; Strict RAM Replacement                                                     ; Off                ; Off                ;
; Allow Synchronous Control Signals                                          ; On                 ; On                 ;
; Force Use of Synchronous Clear Signals                                     ; Off                ; Off                ;
; Auto RAM Block Balancing                                                   ; On                 ; On                 ;
; Auto RAM to Logic Cell Conversion                                          ; Off                ; Off                ;
; Auto Resource Sharing                                                      ; Off                ; Off                ;
; Allow Any RAM Size For Recognition                                         ; Off                ; Off                ;
; Allow Any ROM Size For Recognition                                         ; Off                ; Off                ;
; Allow Any Shift Register Size For Recognition                              ; Off                ; Off                ;
; Use LogicLock Constraints during Resource Balancing                        ; On                 ; On                 ;
; Ignore translate_off and synthesis_off directives                          ; Off                ; Off                ;
; Timing-Driven Synthesis                                                    ; On                 ; On                 ;
; Show Parameter Settings Tables in Synthesis Report                         ; On                 ; On                 ;
; Ignore Maximum Fan-Out Assignments                                         ; Off                ; Off                ;
; Synchronization Register Chain Length                                      ; 2                  ; 2                  ;
; PowerPlay Power Optimization                                               ; Normal compilation ; Normal compilation ;
; HDL message level                                                          ; Level2             ; Level2             ;
; Suppress Register Optimization Related Messages                            ; Off                ; Off                ;
; Number of Removed Registers Reported in Synthesis Report                   ; 5000               ; 5000               ;
; Number of Inverted Registers Reported in Synthesis Report                  ; 100                ; 100                ;
; Clock MUX Protection                                                       ; On                 ; On                 ;
; Auto Gated Clock Conversion                                                ; Off                ; Off                ;
; Block Design Naming                                                        ; Auto               ; Auto               ;
; SDC constraint protection                                                  ; Off                ; Off                ;
; Synthesis Effort                                                           ; Auto               ; Auto               ;
; Shift Register Replacement - Allow Asynchronous Clear Signal               ; On                 ; On                 ;
; Analysis & Synthesis Message Level                                         ; Medium             ; Medium             ;
; Disable Register Merging Across Hierarchies                                ; Auto               ; Auto               ;
; Resource Aware Inference For Block RAM                                     ; On                 ; On                 ;
+----------------------------------------------------------------------------+--------------------+--------------------+


Parallel compilation was disabled, but you have multiple processors available. Enable parallel compilation to reduce compilation time.
+-------------------------------------+
; Parallel Compilation                ;
+----------------------------+--------+
; Processors                 ; Number ;
+----------------------------+--------+
; Number detected on machine ; 8      ;
; Maximum allowed            ; 1      ;
+----------------------------+--------+


+-----------------------------------------------------------------------------------------------------------------------------------------------------------------------------------------------------------------+
; Analysis & Synthesis Source Files Read                                                                                                                                                                          ;
+----------------------------------+-----------------+------------------------------+-----------------------------------------------------------------------------------------------------------------------------+
; File Name with User-Entered Path ; Used in Netlist ; File Type                    ; File Name with Absolute Path                                                                                                ;
+----------------------------------+-----------------+------------------------------+-----------------------------------------------------------------------------------------------------------------------------+
; reg_file.vhd                     ; yes             ; Auto-Found VHDL File         ; D:/Kuliah/Sem 5/EL3111 Praktikum Arsitektur Sistem Komputer/EL3111_3_20221027_13220032/1_Lab/Tugas 4/reg_file.vhd           ;
; altsyncram.tdf                   ; yes             ; Megafunction                 ; c:/users/asus/downloads/quartus/libraries/megafunctions/altsyncram.tdf                                                      ;
; db/altsyncram_heq1.tdf           ; yes             ; Auto-Generated Megafunction  ; D:/Kuliah/Sem 5/EL3111 Praktikum Arsitektur Sistem Komputer/EL3111_3_20221027_13220032/1_Lab/Tugas 4/db/altsyncram_heq1.tdf ;
+----------------------------------+-----------------+------------------------------+-----------------------------------------------------------------------------------------------------------------------------+


+-----------------------------------------------------+
; Analysis & Synthesis Resource Usage Summary         ;
+---------------------------------------------+-------+
; Resource                                    ; Usage ;
+---------------------------------------------+-------+
; Estimated Total logic elements              ; 1     ;
;                                             ;       ;
; Total combinational functions               ; 1     ;
; Logic element usage by number of LUT inputs ;       ;
;     -- 4 input functions                    ; 0     ;
;     -- 3 input functions                    ; 0     ;
;     -- <=2 input functions                  ; 1     ;
;                                             ;       ;
; Logic elements by mode                      ;       ;
;     -- normal mode                          ; 1     ;
;     -- arithmetic mode                      ; 0     ;
;                                             ;       ;
; Total registers                             ; 0     ;
;     -- Dedicated logic registers            ; 0     ;
;     -- I/O registers                        ; 0     ;
;                                             ;       ;
; I/O pins                                    ; 113   ;
; Total memory bits                           ; 64    ;
; Maximum fan-out node                        ; ~GND  ;
; Maximum fan-out                             ; 32    ;
; Total fan-out                               ; 305   ;
; Average fan-out                             ; 1.18  ;
+---------------------------------------------+-------+


+-----------------------------------------------------------------------------------------------------------------------------------------------------------------------------------------------------------------------------------+
; Analysis & Synthesis Resource Utilization by Entity                                                                                                                                                                               ;
+----------------------------------------+-------------------+--------------+-------------+--------------+---------+-----------+------+--------------+---------------------------------------------------------------+--------------+
; Compilation Hierarchy Node             ; LC Combinationals ; LC Registers ; Memory Bits ; DSP Elements ; DSP 9x9 ; DSP 18x18 ; Pins ; Virtual Pins ; Full Hierarchy Name                                           ; Library Name ;
+----------------------------------------+-------------------+--------------+-------------+--------------+---------+-----------+------+--------------+---------------------------------------------------------------+--------------+
; |reg_file                              ; 1 (1)             ; 0 (0)        ; 64          ; 0            ; 0       ; 0         ; 113  ; 0            ; |reg_file                                                     ; work         ;
;    |altsyncram:mem_rtl_0|              ; 0 (0)             ; 0 (0)        ; 64          ; 0            ; 0       ; 0         ; 0    ; 0            ; |reg_file|altsyncram:mem_rtl_0                                ;              ;
;       |altsyncram_heq1:auto_generated| ; 0 (0)             ; 0 (0)        ; 64          ; 0            ; 0       ; 0         ; 0    ; 0            ; |reg_file|altsyncram:mem_rtl_0|altsyncram_heq1:auto_generated ;              ;
+----------------------------------------+-------------------+--------------+-------------+--------------+---------+-----------+------+--------------+---------------------------------------------------------------+--------------+
Note: For table entries with two numbers listed, the numbers in parentheses indicate the number of resources of the given type used by the specific entity alone. The numbers listed outside of parentheses indicate the total resources of the given type used by the specific entity and all of its sub-entities in the hierarchy.


+------------------------------------------------------------------------------------------------------------------------------------------------------------------+
; Analysis & Synthesis RAM Summary                                                                                                                                 ;
+----------------------------------------------------------------+------+----------------+--------------+--------------+--------------+--------------+------+------+
; Name                                                           ; Type ; Mode           ; Port A Depth ; Port A Width ; Port B Depth ; Port B Width ; Size ; MIF  ;
+----------------------------------------------------------------+------+----------------+--------------+--------------+--------------+--------------+------+------+
; altsyncram:mem_rtl_0|altsyncram_heq1:auto_generated|ALTSYNCRAM ; AUTO ; True Dual Port ; 32           ; 32           ; 32           ; 32           ; 1024 ; None ;
+----------------------------------------------------------------+------+----------------+--------------+--------------+--------------+--------------+------+------+


+------------------------------------------------------+
; General Register Statistics                          ;
+----------------------------------------------+-------+
; Statistic                                    ; Value ;
+----------------------------------------------+-------+
; Total registers                              ; 0     ;
; Number of registers using Synchronous Clear  ; 0     ;
; Number of registers using Synchronous Load   ; 0     ;
; Number of registers using Asynchronous Clear ; 0     ;
; Number of registers using Asynchronous Load  ; 0     ;
; Number of registers using Clock Enable       ; 0     ;
; Number of registers using Preset             ; 0     ;
+----------------------------------------------+-------+


+----------------------------------------------+
; Registers Packed Into Inferred Megafunctions ;
+--------------------+--------------+----------+
; Register Name      ; Megafunction ; Type     ;
+--------------------+--------------+----------+
; RD_Data_1[0]~reg0  ; mem~38       ; RAM      ;
; RD_Data_1[1]~reg0  ; mem~38       ; RAM      ;
; RD_Data_1[2]~reg0  ; mem~38       ; RAM      ;
; RD_Data_1[3]~reg0  ; mem~38       ; RAM      ;
; RD_Data_1[4]~reg0  ; mem~38       ; RAM      ;
; RD_Data_1[5]~reg0  ; mem~38       ; RAM      ;
; RD_Data_1[6]~reg0  ; mem~38       ; RAM      ;
; RD_Data_1[7]~reg0  ; mem~38       ; RAM      ;
; RD_Data_1[8]~reg0  ; mem~38       ; RAM      ;
; RD_Data_1[9]~reg0  ; mem~38       ; RAM      ;
; RD_Data_1[10]~reg0 ; mem~38       ; RAM      ;
; RD_Data_1[11]~reg0 ; mem~38       ; RAM      ;
; RD_Data_1[12]~reg0 ; mem~38       ; RAM      ;
; RD_Data_1[13]~reg0 ; mem~38       ; RAM      ;
; RD_Data_1[14]~reg0 ; mem~38       ; RAM      ;
; RD_Data_1[15]~reg0 ; mem~38       ; RAM      ;
; RD_Data_1[16]~reg0 ; mem~38       ; RAM      ;
; RD_Data_1[17]~reg0 ; mem~38       ; RAM      ;
; RD_Data_1[18]~reg0 ; mem~38       ; RAM      ;
; RD_Data_1[19]~reg0 ; mem~38       ; RAM      ;
; RD_Data_1[20]~reg0 ; mem~38       ; RAM      ;
; RD_Data_1[21]~reg0 ; mem~38       ; RAM      ;
; RD_Data_1[22]~reg0 ; mem~38       ; RAM      ;
; RD_Data_1[23]~reg0 ; mem~38       ; RAM      ;
; RD_Data_1[24]~reg0 ; mem~38       ; RAM      ;
; RD_Data_1[25]~reg0 ; mem~38       ; RAM      ;
; RD_Data_1[26]~reg0 ; mem~38       ; RAM      ;
; RD_Data_1[27]~reg0 ; mem~38       ; RAM      ;
; RD_Data_1[28]~reg0 ; mem~38       ; RAM      ;
; RD_Data_1[29]~reg0 ; mem~38       ; RAM      ;
; RD_Data_1[30]~reg0 ; mem~38       ; RAM      ;
; RD_Data_1[31]~reg0 ; mem~38       ; RAM      ;
; RD_Data_2[0]~reg0  ; mem~38       ; RAM      ;
; RD_Data_2[1]~reg0  ; mem~38       ; RAM      ;
; RD_Data_2[2]~reg0  ; mem~38       ; RAM      ;
; RD_Data_2[3]~reg0  ; mem~38       ; RAM      ;
; RD_Data_2[4]~reg0  ; mem~38       ; RAM      ;
; RD_Data_2[5]~reg0  ; mem~38       ; RAM      ;
; RD_Data_2[6]~reg0  ; mem~38       ; RAM      ;
; RD_Data_2[7]~reg0  ; mem~38       ; RAM      ;
; RD_Data_2[8]~reg0  ; mem~38       ; RAM      ;
; RD_Data_2[9]~reg0  ; mem~38       ; RAM      ;
; RD_Data_2[10]~reg0 ; mem~38       ; RAM      ;
; RD_Data_2[11]~reg0 ; mem~38       ; RAM      ;
; RD_Data_2[12]~reg0 ; mem~38       ; RAM      ;
; RD_Data_2[13]~reg0 ; mem~38       ; RAM      ;
; RD_Data_2[14]~reg0 ; mem~38       ; RAM      ;
; RD_Data_2[15]~reg0 ; mem~38       ; RAM      ;
; RD_Data_2[16]~reg0 ; mem~38       ; RAM      ;
; RD_Data_2[17]~reg0 ; mem~38       ; RAM      ;
; RD_Data_2[18]~reg0 ; mem~38       ; RAM      ;
; RD_Data_2[19]~reg0 ; mem~38       ; RAM      ;
; RD_Data_2[20]~reg0 ; mem~38       ; RAM      ;
; RD_Data_2[21]~reg0 ; mem~38       ; RAM      ;
; RD_Data_2[22]~reg0 ; mem~38       ; RAM      ;
; RD_Data_2[23]~reg0 ; mem~38       ; RAM      ;
; RD_Data_2[24]~reg0 ; mem~38       ; RAM      ;
; RD_Data_2[25]~reg0 ; mem~38       ; RAM      ;
; RD_Data_2[26]~reg0 ; mem~38       ; RAM      ;
; RD_Data_2[27]~reg0 ; mem~38       ; RAM      ;
; RD_Data_2[28]~reg0 ; mem~38       ; RAM      ;
; RD_Data_2[29]~reg0 ; mem~38       ; RAM      ;
; RD_Data_2[30]~reg0 ; mem~38       ; RAM      ;
; RD_Data_2[31]~reg0 ; mem~38       ; RAM      ;
+--------------------+--------------+----------+


+----------------------------------------------------------------------------+
; Source assignments for altsyncram:mem_rtl_0|altsyncram_heq1:auto_generated ;
+---------------------------------+--------------------+------+--------------+
; Assignment                      ; Value              ; From ; To           ;
+---------------------------------+--------------------+------+--------------+
; OPTIMIZE_POWER_DURING_SYNTHESIS ; NORMAL_COMPILATION ; -    ; -            ;
+---------------------------------+--------------------+------+--------------+


+----------------------------------------------------------------------------+
; Parameter Settings for Inferred Entity Instance: altsyncram:mem_rtl_0      ;
+------------------------------------+----------------------+----------------+
; Parameter Name                     ; Value                ; Type           ;
+------------------------------------+----------------------+----------------+
; BYTE_SIZE_BLOCK                    ; 8                    ; Untyped        ;
; AUTO_CARRY_CHAINS                  ; ON                   ; AUTO_CARRY     ;
; IGNORE_CARRY_BUFFERS               ; OFF                  ; IGNORE_CARRY   ;
; AUTO_CASCADE_CHAINS                ; ON                   ; AUTO_CASCADE   ;
; IGNORE_CASCADE_BUFFERS             ; OFF                  ; IGNORE_CASCADE ;
; WIDTH_BYTEENA                      ; 1                    ; Untyped        ;
; OPERATION_MODE                     ; BIDIR_DUAL_PORT      ; Untyped        ;
; WIDTH_A                            ; 32                   ; Untyped        ;
; WIDTHAD_A                          ; 5                    ; Untyped        ;
; NUMWORDS_A                         ; 32                   ; Untyped        ;
; OUTDATA_REG_A                      ; UNREGISTERED         ; Untyped        ;
; ADDRESS_ACLR_A                     ; NONE                 ; Untyped        ;
; OUTDATA_ACLR_A                     ; NONE                 ; Untyped        ;
; WRCONTROL_ACLR_A                   ; NONE                 ; Untyped        ;
; INDATA_ACLR_A                      ; NONE                 ; Untyped        ;
; BYTEENA_ACLR_A                     ; NONE                 ; Untyped        ;
; WIDTH_B                            ; 32                   ; Untyped        ;
; WIDTHAD_B                          ; 5                    ; Untyped        ;
; NUMWORDS_B                         ; 32                   ; Untyped        ;
; INDATA_REG_B                       ; CLOCK1               ; Untyped        ;
; WRCONTROL_WRADDRESS_REG_B          ; CLOCK1               ; Untyped        ;
; RDCONTROL_REG_B                    ; CLOCK1               ; Untyped        ;
; ADDRESS_REG_B                      ; CLOCK1               ; Untyped        ;
; OUTDATA_REG_B                      ; UNREGISTERED         ; Untyped        ;
; BYTEENA_REG_B                      ; CLOCK1               ; Untyped        ;
; INDATA_ACLR_B                      ; NONE                 ; Untyped        ;
; WRCONTROL_ACLR_B                   ; NONE                 ; Untyped        ;
; ADDRESS_ACLR_B                     ; NONE                 ; Untyped        ;
; OUTDATA_ACLR_B                     ; NONE                 ; Untyped        ;
; RDCONTROL_ACLR_B                   ; NONE                 ; Untyped        ;
; BYTEENA_ACLR_B                     ; NONE                 ; Untyped        ;
; WIDTH_BYTEENA_A                    ; 1                    ; Untyped        ;
; WIDTH_BYTEENA_B                    ; 1                    ; Untyped        ;
; RAM_BLOCK_TYPE                     ; AUTO                 ; Untyped        ;
; BYTE_SIZE                          ; 8                    ; Untyped        ;
; READ_DURING_WRITE_MODE_MIXED_PORTS ; DONT_CARE            ; Untyped        ;
; READ_DURING_WRITE_MODE_PORT_A      ; OLD_DATA             ; Untyped        ;
; READ_DURING_WRITE_MODE_PORT_B      ; NEW_DATA_NO_NBE_READ ; Untyped        ;
; INIT_FILE                          ; UNUSED               ; Untyped        ;
; INIT_FILE_LAYOUT                   ; PORT_A               ; Untyped        ;
; MAXIMUM_DEPTH                      ; 0                    ; Untyped        ;
; CLOCK_ENABLE_INPUT_A               ; NORMAL               ; Untyped        ;
; CLOCK_ENABLE_INPUT_B               ; NORMAL               ; Untyped        ;
; CLOCK_ENABLE_OUTPUT_A              ; NORMAL               ; Untyped        ;
; CLOCK_ENABLE_OUTPUT_B              ; NORMAL               ; Untyped        ;
; CLOCK_ENABLE_CORE_A                ; USE_INPUT_CLKEN      ; Untyped        ;
; CLOCK_ENABLE_CORE_B                ; USE_INPUT_CLKEN      ; Untyped        ;
; ENABLE_ECC                         ; FALSE                ; Untyped        ;
; DEVICE_FAMILY                      ; Cyclone III          ; Untyped        ;
; CBXI_PARAMETER                     ; altsyncram_heq1      ; Untyped        ;
+------------------------------------+----------------------+----------------+
Note: In order to hide this table in the UI and the text report file, please set the "Show Parameter Settings Tables in Synthesis Report" option in "Analysis and Synthesis Settings -> More Settings" to "Off".


+------------------------------------------------------------------+
; altsyncram Parameter Settings by Entity Instance                 ;
+-------------------------------------------+----------------------+
; Name                                      ; Value                ;
+-------------------------------------------+----------------------+
; Number of entity instances                ; 1                    ;
; Entity Instance                           ; altsyncram:mem_rtl_0 ;
;     -- OPERATION_MODE                     ; BIDIR_DUAL_PORT      ;
;     -- WIDTH_A                            ; 32                   ;
;     -- NUMWORDS_A                         ; 32                   ;
;     -- OUTDATA_REG_A                      ; UNREGISTERED         ;
;     -- WIDTH_B                            ; 32                   ;
;     -- NUMWORDS_B                         ; 32                   ;
;     -- ADDRESS_REG_B                      ; CLOCK1               ;
;     -- OUTDATA_REG_B                      ; UNREGISTERED         ;
;     -- RAM_BLOCK_TYPE                     ; AUTO                 ;
;     -- READ_DURING_WRITE_MODE_MIXED_PORTS ; DONT_CARE            ;
+-------------------------------------------+----------------------+


+-------------------------------+
; Analysis & Synthesis Messages ;
+-------------------------------+
Info: *******************************************************************
Info: Running Quartus II Analysis & Synthesis
    Info: Version 9.1 Build 350 03/24/2010 Service Pack 2 SJ Web Edition
    Info: Processing started: Sun Oct 30 19:41:29 2022
Info: Command: quartus_map --read_settings_files=on --write_settings_files=off reg_file -c reg_file
Warning: Using design file reg_file.vhd, which is not specified as a design file for the current project, but contains definitions for 2 design units and 1 entities in project
    Info: Found design unit 1: reg_file-behavior
    Info: Found entity 1: reg_file
Info: Elaborating entity "reg_file" for the top level hierarchy
Warning (10873): Using initial value X (don't care) for net "mem.raddr_a" at reg_file.vhd(34)
Warning (10873): Using initial value X (don't care) for net "mem.raddr_b" at reg_file.vhd(34)
Warning: Inferred dual-clock RAM node "mem~38" from synchronous design logic.  The read-during-write behavior of a dual-clock RAM is undefined and may not match the behavior of the original design.
Info: Inferred 1 megafunctions from design logic
    Info: Inferred altsyncram megafunction from the following design logic: "mem~38" 
        Info: Parameter OPERATION_MODE set to BIDIR_DUAL_PORT
        Info: Parameter WIDTH_A set to 32
        Info: Parameter WIDTH_B set to 32
        Info: Parameter WIDTHAD_A set to 5
        Info: Parameter WIDTHAD_B set to 5
        Info: Parameter NUMWORDS_A set to 32
        Info: Parameter NUMWORDS_B set to 32
        Info: Parameter OUTDATA_REG_A set to UNREGISTERED
        Info: Parameter OUTDATA_REG_B set to UNREGISTERED
        Info: Parameter ADDRESS_REG_B set to CLOCK1
        Info: Parameter INDATA_REG_B set to CLOCK1
        Info: Parameter WRCONTROL_WRADDRESS_REG_B set to CLOCK1
        Info: Parameter INDATA_ACLR_A set to NONE
        Info: Parameter WRCONTROL_ACLR_A set to NONE
        Info: Parameter ADDRESS_ACLR_A set to NONE
        Info: Parameter ADDRESS_ACLR_B set to NONE
        Info: Parameter OUTDATA_ACLR_B set to NONE
        Info: Parameter READ_DURING_WRITE_MODE_PORT_A set to OLD_DATA
Info: Elaborated megafunction instantiation "altsyncram:mem_rtl_0"
Info: Instantiated megafunction "altsyncram:mem_rtl_0" with the following parameter:
    Info: Parameter "OPERATION_MODE" = "BIDIR_DUAL_PORT"
    Info: Parameter "WIDTH_A" = "32"
    Info: Parameter "WIDTH_B" = "32"
    Info: Parameter "WIDTHAD_A" = "5"
    Info: Parameter "WIDTHAD_B" = "5"
    Info: Parameter "NUMWORDS_A" = "32"
    Info: Parameter "NUMWORDS_B" = "32"
    Info: Parameter "OUTDATA_REG_A" = "UNREGISTERED"
    Info: Parameter "OUTDATA_REG_B" = "UNREGISTERED"
    Info: Parameter "ADDRESS_REG_B" = "CLOCK1"
    Info: Parameter "INDATA_REG_B" = "CLOCK1"
    Info: Parameter "WRCONTROL_WRADDRESS_REG_B" = "CLOCK1"
    Info: Parameter "INDATA_ACLR_A" = "NONE"
    Info: Parameter "WRCONTROL_ACLR_A" = "NONE"
    Info: Parameter "ADDRESS_ACLR_A" = "NONE"
    Info: Parameter "ADDRESS_ACLR_B" = "NONE"
    Info: Parameter "OUTDATA_ACLR_B" = "NONE"
    Info: Parameter "READ_DURING_WRITE_MODE_PORT_A" = "OLD_DATA"
Info: Found 1 design units, including 1 entities, in source file db/altsyncram_heq1.tdf
    Info: Found entity 1: altsyncram_heq1
Info: Removed 4 MSB VCC or GND address nodes from RAM block "altsyncram:mem_rtl_0|altsyncram_heq1:auto_generated|ALTSYNCRAM"
Warning: Design contains 15 input pin(s) that do not drive logic
    Warning (15610): No output dependent on input pin "ADDR_1[0]"
    Warning (15610): No output dependent on input pin "ADDR_1[1]"
    Warning (15610): No output dependent on input pin "ADDR_1[2]"
    Warning (15610): No output dependent on input pin "ADDR_1[3]"
    Warning (15610): No output dependent on input pin "ADDR_1[4]"
    Warning (15610): No output dependent on input pin "ADDR_2[0]"
    Warning (15610): No output dependent on input pin "ADDR_2[1]"
    Warning (15610): No output dependent on input pin "ADDR_2[2]"
    Warning (15610): No output dependent on input pin "ADDR_2[3]"
    Warning (15610): No output dependent on input pin "ADDR_2[4]"
    Warning (15610): No output dependent on input pin "ADDR_3[0]"
    Warning (15610): No output dependent on input pin "ADDR_3[1]"
    Warning (15610): No output dependent on input pin "ADDR_3[2]"
    Warning (15610): No output dependent on input pin "ADDR_3[3]"
    Warning (15610): No output dependent on input pin "ADDR_3[4]"
Info: Implemented 146 device resources after synthesis - the final resource count might be different
    Info: Implemented 49 input pins
    Info: Implemented 64 output pins
    Info: Implemented 1 logic cells
    Info: Implemented 32 RAM segments
Info: Quartus II Analysis & Synthesis was successful. 0 errors, 20 warnings
    Info: Peak virtual memory: 258 megabytes
    Info: Processing ended: Sun Oct 30 19:41:31 2022
    Info: Elapsed time: 00:00:02
    Info: Total CPU time (on all processors): 00:00:02


